-------------------------------------------------------------------------------
Test set: com.kwgdev.sfgpetclinic.SfgPetClinicApplicationTests
-------------------------------------------------------------------------------
Tests run: 1, Failures: 0, Errors: 1, Skipped: 0, Time elapsed: 4.343 s <<< FAILURE! - in com.kwgdev.sfgpetclinic.SfgPetClinicApplicationTests
contextLoads  Time elapsed: 0.001 s  <<< ERROR!
java.lang.IllegalStateException: Failed to load ApplicationContext
Caused by: org.springframework.beans.factory.UnsatisfiedDependencyException: Error creating bean with name 'dataLoader' defined in file [C:\Users\JJ\IdeaProjects\sfg-pet-clinic\pet-clinic-web\target\classes\com\kwgdev\sfgpetclinic\bootstrap\DataLoader.class]: Unsatisfied dependency expressed through constructor parameter 4; nested exception is org.springframework.beans.factory.NoSuchBeanDefinitionException: No qualifying bean of type 'com.kwgdev.sfgpetclinic.services.VisitService' available: expected at least 1 bean which qualifies as autowire candidate. Dependency annotations: {}
Caused by: org.springframework.beans.factory.NoSuchBeanDefinitionException: No qualifying bean of type 'com.kwgdev.sfgpetclinic.services.VisitService' available: expected at least 1 bean which qualifies as autowire candidate. Dependency annotations: {}

